#
# A fatal error has been detected by the Java Runtime Environment:
#
#  EXCEPTION_ACCESS_VIOLATION (0xc0000005) at pc=0x00000000209dfeee, pid=12640, tid=0x000000000000316c
#
# JRE version: Java(TM) SE Runtime Environment (8.0_181-b13) (build 1.8.0_181-b13)
# Java VM: Java HotSpot(TM) 64-Bit Server VM (25.181-b13 mixed mode windows-amd64 compressed oops)
# Problematic frame:
# C  0x00000000209dfeee
#
# Failed to write core dump. Minidumps are not enabled by default on client versions of Windows
#
# If you would like to submit a bug report, please visit:
#   http://bugreport.java.com/bugreport/crash.jsp
# The crash happened outside the Java Virtual Machine in native code.
# See problematic frame for where to report the bug.
#

---------------  T H R E A D  ---------------

Current thread (0x000000002a8ab000):  JavaThread "main-FPSAWTAnimator#00-Timer0" [_thread_in_native, id=12652, stack(0x0000000030040000,0x0000000030140000)]

siginfo: ExceptionCode=0xc0000005, reading address 0x0000000000000000

Registers:
RAX=0x000000002442e7f0, RBX=0x000000002c910000, RCX=0x0000000000000000, RDX=0x0000000000000002
RSP=0x000000003013ea50, RBP=0x0000000000000000, RSI=0x0000000000000000, RDI=0x0000000000000000
R8 =0x0000000000000000, R9 =0x0000000000000002, R10=0x0000000030145040, R11=0x0000000000000000
R12=0x0000000000000000, R13=0x0000000000000000, R14=0x0000000000000001, R15=0x000000002442e7f0
RIP=0x00000000209dfeee, EFLAGS=0x0000000000010246

Top of Stack: (sp=0x000000003013ea50)
0x000000003013ea50:   00000000243c7ad8 0000000000000000
0x000000003013ea60:   0000000000000002 000000002c910000
0x000000003013ea70:   0000000030145040 0000000056717649
0x000000003013ea80:   000000002c910000 0000000030145040
0x000000003013ea90:   0000000000000002 000000002c910000
0x000000003013eaa0:   000000003013eb10 000000005673c6ba
0x000000003013eab0:   0000000030145040 000000002c5da148
0x000000003013eac0:   0000000000000001 0000000030145040
0x000000003013ead0:   0000000000000002 0000000000000000
0x000000003013eae0:   000000002c910000 0000000056713f1d
0x000000003013eaf0:   000000002c910000 0000000000000000
0x000000003013eb00:   000000002b8c71b0 000000002a8ab000
0x000000003013eb10:   0000000000000103 00c0000000000000
0x000000003013eb20:   000000003013ec58 00000000562ffb81
0x000000003013eb30:   000000002c910000 0000000000000000
0x000000003013eb40:   0000000000000002 0000000000000001 

Instructions: (pc=0x00000000209dfeee)
0x00000000209dfece:   78 08 48 be d0 82 96 2c 00 00 00 00 48 8b 36 48
0x00000000209dfede:   8b b6 38 03 00 00 48 8b f9 48 c1 e7 04 48 03 f7
0x00000000209dfeee:   8b 3e 8b 6e 04 89 78 0c 89 68 10 8b 7e 08 8b 6e
0x00000000209dfefe:   0c 89 78 14 89 68 18 48 83 c0 1c ff c1 ff ca 75 


Register to memory mapping:

RAX=0x000000002442e7f0 is an unknown value
RBX=0x000000002c910000 is an unknown value
RCX=0x0000000000000000 is an unknown value
RDX=0x0000000000000002 is an unknown value
RSP=0x000000003013ea50 is pointing into the stack for thread: 0x000000002a8ab000
RBP=0x0000000000000000 is an unknown value
RSI=0x0000000000000000 is an unknown value
RDI=0x0000000000000000 is an unknown value
R8 =0x0000000000000000 is an unknown value
R9 =0x0000000000000002 is an unknown value
R10=0x0000000030145040 is an unknown value
R11=0x0000000000000000 is an unknown value
R12=0x0000000000000000 is an unknown value
R13=0x0000000000000000 is an unknown value
R14=0x0000000000000001 is an unknown value
R15=0x000000002442e7f0 is an unknown value


Stack: [0x0000000030040000,0x0000000030140000],  sp=0x000000003013ea50,  free space=1018k
Native frames: (J=compiled Java code, j=interpreted, Vv=VM code, C=native code)

Java frames: (J=compiled Java code, j=interpreted, Vv=VM code)
j  jogamp.opengl.gl4.GL4bcImpl.dispatch_glDrawArrays1(IIIJ)V+0
j  jogamp.opengl.gl4.GL4bcImpl.glDrawArrays(III)V+45
j  unsw.graphics.geometry.Line3D.draw(Lcom/jogamp/opengl/GL3;Lunsw/graphics/CoordFrame3D;)V+97
j  unsw.graphics.CoordFrame3D.draw(Lcom/jogamp/opengl/GL3;)V+53
j  unsw.graphics.world.World.display(Lcom/jogamp/opengl/GL3;)V+118
j  unsw.graphics.Application.display(Lcom/jogamp/opengl/GLAutoDrawable;)V+14
j  jogamp.opengl.GLDrawableHelper.displayImpl(Lcom/jogamp/opengl/GLAutoDrawable;)V+62
j  jogamp.opengl.GLDrawableHelper.display(Lcom/jogamp/opengl/GLAutoDrawable;)V+2
j  jogamp.opengl.GLAutoDrawableBase$2.run()V+59
j  jogamp.opengl.GLDrawableHelper.invokeGLImpl(Lcom/jogamp/opengl/GLDrawable;Lcom/jogamp/opengl/GLContext;Ljava/lang/Runnable;Ljava/lang/Runnable;)V+203
j  jogamp.opengl.GLDrawableHelper.invokeGL(Lcom/jogamp/opengl/GLDrawable;Lcom/jogamp/opengl/GLContext;Ljava/lang/Runnable;Ljava/lang/Runnable;)V+72
j  com.jogamp.newt.opengl.GLWindow.display()V+90
j  com.jogamp.opengl.util.AWTAnimatorImpl.display(Ljava/util/ArrayList;ZZ)V+68
j  com.jogamp.opengl.util.AnimatorBase.display()V+16
j  com.jogamp.opengl.util.FPSAnimator$MainTask.run()V+216
j  java.util.TimerThread.mainLoop()V+221
j  java.util.TimerThread.run()V+1
v  ~StubRoutines::call_stub

---------------  P R O C E S S  ---------------

Java Threads: ( => current thread )
  0x0000000002ba3000 JavaThread "DestroyJavaVM" [_thread_blocked, id=5416, stack(0x00000000029c0000,0x0000000002ac0000)]
=>0x000000002a8ab000 JavaThread "main-FPSAWTAnimator#00-Timer0" [_thread_in_native, id=12652, stack(0x0000000030040000,0x0000000030140000)]
  0x00000000204dc000 JavaThread "main-Display-.windows_nil-1-EDT-1" daemon [_thread_blocked, id=10184, stack(0x000000002f370000,0x000000002f470000)]
  0x00000000201f7000 JavaThread "main-SharedResourceRunner" daemon [_thread_blocked, id=1792, stack(0x000000002bc10000,0x000000002bd10000)]
  0x0000000020210800 JavaThread "AWT-EventQueue-0" [_thread_blocked, id=10508, stack(0x00000000296f0000,0x00000000297f0000)]
  0x00000000201ab000 JavaThread "AWT-Windows" daemon [_thread_in_native, id=2596, stack(0x0000000020bf0000,0x0000000020cf0000)]
  0x00000000201aa800 JavaThread "AWT-Shutdown" [_thread_blocked, id=1084, stack(0x0000000020af0000,0x0000000020bf0000)]
  0x00000000201a9800 JavaThread "Java2D Disposer" daemon [_thread_blocked, id=10900, stack(0x00000000209f0000,0x0000000020af0000)]
  0x000000001e0c9000 JavaThread "Service Thread" daemon [_thread_blocked, id=12156, stack(0x000000001fa70000,0x000000001fb70000)]
  0x000000001e08b800 JavaThread "C1 CompilerThread3" daemon [_thread_blocked, id=9492, stack(0x000000001f970000,0x000000001fa70000)]
  0x000000001e04c800 JavaThread "C2 CompilerThread2" daemon [_thread_blocked, id=1624, stack(0x000000001f870000,0x000000001f970000)]
  0x000000001e026000 JavaThread "C2 CompilerThread1" daemon [_thread_blocked, id=4004, stack(0x000000001f770000,0x000000001f870000)]
  0x000000001e021800 JavaThread "C2 CompilerThread0" daemon [_thread_blocked, id=10816, stack(0x000000001f670000,0x000000001f770000)]
  0x000000001e020000 JavaThread "Attach Listener" daemon [_thread_blocked, id=3944, stack(0x000000001f570000,0x000000001f670000)]
  0x000000001c95e800 JavaThread "Signal Dispatcher" daemon [_thread_blocked, id=8632, stack(0x000000001f470000,0x000000001f570000)]
  0x000000001e013800 JavaThread "Finalizer" daemon [_thread_blocked, id=8592, stack(0x000000001f280000,0x000000001f380000)]
  0x000000001c94c800 JavaThread "Reference Handler" daemon [_thread_blocked, id=12528, stack(0x000000001f180000,0x000000001f280000)]

Other Threads:
  0x000000001dff2800 VMThread [stack: 0x000000001f080000,0x000000001f180000] [id=8076]
  0x000000001e0db000 WatcherThread [stack: 0x000000001fb70000,0x000000001fc70000] [id=11832]

VM state:not at safepoint (normal execution)

VM Mutex/Monitor currently owned by a thread: None

Heap:
 PSYoungGen      total 76288K, used 9031K [0x000000076af00000, 0x0000000770400000, 0x00000007c0000000)
  eden space 65536K, 4% used [0x000000076af00000,0x000000076b18f870,0x000000076ef00000)
  from space 10752K, 59% used [0x000000076ef00000,0x000000076f5425f0,0x000000076f980000)
  to   space 10752K, 0% used [0x000000076f980000,0x000000076f980000,0x0000000770400000)
 ParOldGen       total 175104K, used 16K [0x00000006c0c00000, 0x00000006cb700000, 0x000000076af00000)
  object space 175104K, 0% used [0x00000006c0c00000,0x00000006c0c04000,0x00000006cb700000)
 Metaspace       used 13998K, capacity 14180K, committed 14592K, reserved 1062912K
  class space    used 1364K, capacity 1439K, committed 1536K, reserved 1048576K

Card table byte_map: [0x0000000012060000,0x0000000012860000] byte_map_base: 0x000000000ea5a000

Marking Bits: (ParMarkBitMap*) 0x0000000058e62d00
 Begin Bits: [0x00000000137c0000, 0x0000000017790000)
 End Bits:   [0x0000000017790000, 0x000000001b760000)

Polling page: 0x0000000000b70000

CodeCache: size=245760Kb used=3894Kb max_used=3894Kb free=241865Kb
 bounds [0x0000000002ca0000, 0x0000000003080000, 0x0000000011ca0000]
 total_blobs=1739 nmethods=959 adapters=694
 compilation: enabled

Compilation events (10 events):
Event: 2.186 Thread 0x000000001e08b800 nmethod 956 0x0000000003061790 code [0x0000000003061940, 0x0000000003061f38]
Event: 2.186 Thread 0x000000001e08b800  953       3       java.io.WinNTFileSystem::normalize (231 bytes)
Event: 2.187 Thread 0x000000001e021800  958       4       java.lang.String::substring (79 bytes)
Event: 2.188 Thread 0x000000001e08b800 nmethod 953 0x0000000003062310 code [0x00000000030627e0, 0x0000000003066678]
Event: 2.188 Thread 0x000000001e08b800  957       3       java.nio.ByteBuffer::arrayOffset (35 bytes)
Event: 2.188 Thread 0x000000001e08b800 nmethod 957 0x00000000030691d0 code [0x0000000003069360, 0x0000000003069678]
Event: 2.188 Thread 0x000000001e08b800  959   !   3       sun.net.www.ParseUtil::decode (316 bytes)
Event: 2.188 Thread 0x000000001e026000  960       4       java.lang.StringBuilder::append (8 bytes)
Event: 2.190 Thread 0x000000001e021800 nmethod 958 0x000000000306c990 code [0x000000000306cb00, 0x000000000306ced8]
Event: 2.190 Thread 0x000000001e026000 nmethod 960 0x000000000306d1d0 code [0x000000000306d320, 0x000000000306d698]

GC Heap History (2 events):
Event: 2.163 GC heap before
{Heap before GC invocations=1 (full 0):
 PSYoungGen      total 76288K, used 65536K [0x000000076af00000, 0x0000000770400000, 0x00000007c0000000)
  eden space 65536K, 100% used [0x000000076af00000,0x000000076ef00000,0x000000076ef00000)
  from space 10752K, 0% used [0x000000076f980000,0x000000076f980000,0x0000000770400000)
  to   space 10752K, 0% used [0x000000076ef00000,0x000000076ef00000,0x000000076f980000)
 ParOldGen       total 175104K, used 0K [0x00000006c0c00000, 0x00000006cb700000, 0x000000076af00000)
  object space 175104K, 0% used [0x00000006c0c00000,0x00000006c0c00000,0x00000006cb700000)
 Metaspace       used 13821K, capacity 14052K, committed 14336K, reserved 1062912K
  class space    used 1352K, capacity 1439K, committed 1536K, reserved 1048576K
Event: 2.167 GC heap after
Heap after GC invocations=1 (full 0):
 PSYoungGen      total 76288K, used 6409K [0x000000076af00000, 0x0000000770400000, 0x00000007c0000000)
  eden space 65536K, 0% used [0x000000076af00000,0x000000076af00000,0x000000076ef00000)
  from space 10752K, 59% used [0x000000076ef00000,0x000000076f5425f0,0x000000076f980000)
  to   space 10752K, 0% used [0x000000076f980000,0x000000076f980000,0x0000000770400000)
 ParOldGen       total 175104K, used 16K [0x00000006c0c00000, 0x00000006cb700000, 0x000000076af00000)
  object space 175104K, 0% used [0x00000006c0c00000,0x00000006c0c04000,0x00000006cb700000)
 Metaspace       used 13821K, capacity 14052K, committed 14336K, reserved 1062912K
  class space    used 1352K, capacity 1439K, committed 1536K, reserved 1048576K
}

Deoptimization events (10 events):
Event: 1.606 Thread 0x0000000002ba3000 Uncommon trap: reason=unstable_if action=reinterpret pc=0x0000000002e36cd8 method=java.lang.String.startsWith(Ljava/lang/String;I)Z @ 25
Event: 1.856 Thread 0x00000000201f7000 Uncommon trap: reason=unstable_if action=reinterpret pc=0x0000000002e9b2dc method=java.lang.String.trim()Ljava/lang/String; @ 23
Event: 1.856 Thread 0x00000000201f7000 Uncommon trap: reason=bimorphic action=maybe_recompile pc=0x0000000002f43cb4 method=java.util.regex.Pattern$Curly.match0(Ljava/util/regex/Matcher;IILjava/lang/CharSequence;)Z @ 77
Event: 1.931 Thread 0x00000000201f7000 Uncommon trap: reason=bimorphic action=maybe_recompile pc=0x0000000002f43cb4 method=java.util.regex.Pattern$Curly.match0(Ljava/util/regex/Matcher;IILjava/lang/CharSequence;)Z @ 77
Event: 1.961 Thread 0x00000000201f7000 Uncommon trap: reason=bimorphic action=maybe_recompile pc=0x0000000002f43cb4 method=java.util.regex.Pattern$Curly.match0(Ljava/util/regex/Matcher;IILjava/lang/CharSequence;)Z @ 77
Event: 1.996 Thread 0x00000000201f7000 Uncommon trap: reason=bimorphic action=maybe_recompile pc=0x0000000002f43cb4 method=java.util.regex.Pattern$Curly.match0(Ljava/util/regex/Matcher;IILjava/lang/CharSequence;)Z @ 77
Event: 2.012 Thread 0x0000000002ba3000 Uncommon trap: reason=bimorphic action=maybe_recompile pc=0x0000000002f40bf4 method=java.util.regex.Pattern$Start.match(Ljava/util/regex/Matcher;ILjava/lang/CharSequence;)Z @ 44
Event: 2.012 Thread 0x0000000002ba3000 Uncommon trap: reason=bimorphic action=maybe_recompile pc=0x0000000002f40bf4 method=java.util.regex.Pattern$Start.match(Ljava/util/regex/Matcher;ILjava/lang/CharSequence;)Z @ 44
Event: 2.050 Thread 0x0000000002ba3000 Uncommon trap: reason=unstable_if action=reinterpret pc=0x0000000002ffa2b4 method=java.lang.reflect.AccessibleObject.setAccessible0(Ljava/lang/reflect/AccessibleObject;Z)V @ 4
Event: 2.184 Thread 0x000000002a8ab000 Uncommon trap: reason=unstable_if action=reinterpret pc=0x0000000002f40ae4 method=java.util.regex.Pattern$Curly.match0(Ljava/util/regex/Matcher;IILjava/lang/CharSequence;)Z @ 5

Classes redefined (0 events):
No events

Internal exceptions (10 events):
Event: 0.026 Thread 0x0000000002ba3000 Exception <a 'java/lang/NoSuchMethodError': Method sun.misc.Unsafe.defineClass(Ljava/lang/String;[BII)Ljava/lang/Class; name or signature does not match> (0x000000076af07cb0) thrown at [C:\re\workspace\8-2-build-windows-amd64-cygwin\jdk8u181\11358\hotspot
Event: 0.026 Thread 0x0000000002ba3000 Exception <a 'java/lang/NoSuchMethodError': Method sun.misc.Unsafe.prefetchRead(Ljava/lang/Object;J)V name or signature does not match> (0x000000076af07f98) thrown at [C:\re\workspace\8-2-build-windows-amd64-cygwin\jdk8u181\11358\hotspot\src\share\vm\prim
Event: 0.099 Thread 0x0000000002ba3000 Exception <a 'java/security/PrivilegedActionException'> (0x000000076b209c98) thrown at [C:\re\workspace\8-2-build-windows-amd64-cygwin\jdk8u181\11358\hotspot\src\share\vm\prims\jvm.cpp, line 1435]
Event: 0.099 Thread 0x0000000002ba3000 Exception <a 'java/security/PrivilegedActionException'> (0x000000076b209ea8) thrown at [C:\re\workspace\8-2-build-windows-amd64-cygwin\jdk8u181\11358\hotspot\src\share\vm\prims\jvm.cpp, line 1435]
Event: 0.100 Thread 0x0000000002ba3000 Exception <a 'java/security/PrivilegedActionException'> (0x000000076b20db18) thrown at [C:\re\workspace\8-2-build-windows-amd64-cygwin\jdk8u181\11358\hotspot\src\share\vm\prims\jvm.cpp, line 1435]
Event: 0.100 Thread 0x0000000002ba3000 Exception <a 'java/security/PrivilegedActionException'> (0x000000076b20dd28) thrown at [C:\re\workspace\8-2-build-windows-amd64-cygwin\jdk8u181\11358\hotspot\src\share\vm\prims\jvm.cpp, line 1435]
Event: 0.104 Thread 0x0000000002ba3000 Exception <a 'java/io/FileNotFoundException'> (0x000000076b216a18) thrown at [C:\re\workspace\8-2-build-windows-amd64-cygwin\jdk8u181\11358\hotspot\src\share\vm\prims\jni.cpp, line 709]
Event: 0.129 Thread 0x0000000002ba3000 Exception <a 'java/lang/NoSuchFieldError': method resolution failed> (0x000000076b2e7600) thrown at [C:\re\workspace\8-2-build-windows-amd64-cygwin\jdk8u181\11358\hotspot\src\share\vm\prims\methodHandles.cpp, line 1167]
Event: 0.130 Thread 0x0000000002ba3000 Exception <a 'java/lang/NoSuchFieldError': method resolution failed> (0x000000076b2f49d0) thrown at [C:\re\workspace\8-2-build-windows-amd64-cygwin\jdk8u181\11358\hotspot\src\share\vm\prims\methodHandles.cpp, line 1167]
Event: 1.321 Thread 0x0000000002ba3000 Exception <a 'java/io/FileNotFoundException'> (0x000000076ce2a2a8) thrown at [C:\re\workspace\8-2-build-windows-amd64-cygwin\jdk8u181\11358\hotspot\src\share\vm\prims\jni.cpp, line 709]

Events (10 events):
Event: 2.187 loading class com/jogamp/opengl/GLDebugMessage
Event: 2.187 loading class com/jogamp/opengl/GLDebugMessage done
Event: 2.187 loading class unsw/graphics/world/Camera
Event: 2.187 loading class unsw/graphics/world/Camera done
Event: 2.188 loading class unsw/graphics/CoordFrame3D
Event: 2.188 loading class unsw/graphics/CoordFrame3D done
Event: 2.188 loading class unsw/graphics/Matrix4
Event: 2.188 loading class unsw/graphics/Matrix4 done
Event: 2.190 loading class unsw/graphics/geometry/Line3D
Event: 2.190 loading class unsw/graphics/geometry/Line3D done


Dynamic libraries:
0x00007ff608af0000 - 0x00007ff608b27000 	C:\Program Files\Java\jre1.8.0_181\bin\javaw.exe
0x00007ffcb9c90000 - 0x00007ffcb9e71000 	C:\Windows\SYSTEM32\ntdll.dll
0x00007ffcb8610000 - 0x00007ffcb86c2000 	C:\Windows\System32\KERNEL32.DLL
0x00007ffcb6790000 - 0x00007ffcb6a03000 	C:\Windows\System32\KERNELBASE.dll
0x00007ffcb8750000 - 0x00007ffcb87f1000 	C:\Windows\System32\ADVAPI32.dll
0x00007ffcb8800000 - 0x00007ffcb889e000 	C:\Windows\System32\msvcrt.dll
0x00007ffcb95f0000 - 0x00007ffcb964b000 	C:\Windows\System32\sechost.dll
0x00007ffcb9a60000 - 0x00007ffcb9b84000 	C:\Windows\System32\RPCRT4.dll
0x00007ffcb9810000 - 0x00007ffcb99a0000 	C:\Windows\System32\USER32.dll
0x00007ffcb6160000 - 0x00007ffcb6180000 	C:\Windows\System32\win32u.dll
0x00007ffcb7120000 - 0x00007ffcb7148000 	C:\Windows\System32\GDI32.dll
0x00007ffcb6370000 - 0x00007ffcb6502000 	C:\Windows\System32\gdi32full.dll
0x00007ffcb66f0000 - 0x00007ffcb678f000 	C:\Windows\System32\msvcp_win.dll
0x00007ffcb6060000 - 0x00007ffcb615a000 	C:\Windows\System32\ucrtbase.dll
0x00007ffc9f170000 - 0x00007ffc9f3d9000 	C:\Windows\WinSxS\amd64_microsoft.windows.common-controls_6595b64144ccf1df_6.0.17134.285_none_fb4297e330656775\COMCTL32.dll
0x00007ffcb91d0000 - 0x00007ffcb94f3000 	C:\Windows\System32\combase.dll
0x00007ffcb65c0000 - 0x00007ffcb663a000 	C:\Windows\System32\bcryptPrimitives.dll
0x00007ffcb97e0000 - 0x00007ffcb980d000 	C:\Windows\System32\IMM32.DLL
0x00000000583c0000 - 0x0000000058492000 	C:\Program Files\Java\jre1.8.0_181\bin\msvcr100.dll
0x0000000058640000 - 0x0000000058ee2000 	C:\Program Files\Java\jre1.8.0_181\bin\server\jvm.dll
0x00007ffcb96b0000 - 0x00007ffcb96b8000 	C:\Windows\System32\PSAPI.DLL
0x00007ffcb3dd0000 - 0x00007ffcb3dd9000 	C:\Windows\SYSTEM32\WSOCK32.dll
0x00007ffcb1220000 - 0x00007ffcb122a000 	C:\Windows\SYSTEM32\VERSION.dll
0x00007ffcb96c0000 - 0x00007ffcb972c000 	C:\Windows\System32\WS2_32.dll
0x00007ffcb3500000 - 0x00007ffcb3523000 	C:\Windows\SYSTEM32\WINMM.dll
0x00007ffcb34d0000 - 0x00007ffcb34fa000 	C:\Windows\SYSTEM32\winmmbase.dll
0x00007ffcb6640000 - 0x00007ffcb6689000 	C:\Windows\System32\cfgmgr32.dll
0x0000000058f80000 - 0x0000000058f8f000 	C:\Program Files\Java\jre1.8.0_181\bin\verify.dll
0x0000000058530000 - 0x0000000058559000 	C:\Program Files\Java\jre1.8.0_181\bin\java.dll
0x0000000058510000 - 0x0000000058526000 	C:\Program Files\Java\jre1.8.0_181\bin\zip.dll
0x00007ffcb7150000 - 0x00007ffcb8590000 	C:\Windows\System32\SHELL32.dll
0x00007ffcb9730000 - 0x00007ffcb97d9000 	C:\Windows\System32\shcore.dll
0x00007ffcb6a10000 - 0x00007ffcb711d000 	C:\Windows\System32\windows.storage.dll
0x00007ffcb88a0000 - 0x00007ffcb88f1000 	C:\Windows\System32\shlwapi.dll
0x00007ffcb6010000 - 0x00007ffcb6021000 	C:\Windows\System32\kernel.appcore.dll
0x00007ffcb6040000 - 0x00007ffcb605f000 	C:\Windows\System32\profapi.dll
0x00007ffcb5fc0000 - 0x00007ffcb600c000 	C:\Windows\System32\powrprof.dll
0x00007ffcb6030000 - 0x00007ffcb603a000 	C:\Windows\System32\FLTLIB.DLL
0x0000000058220000 - 0x00000000583b9000 	C:\Program Files\Java\jre1.8.0_181\bin\awt.dll
0x00007ffcb9b90000 - 0x00007ffcb9c52000 	C:\Windows\System32\OLEAUT32.dll
0x00007ffcb4320000 - 0x00007ffcb43ab000 	C:\Windows\SYSTEM32\apphelp.dll
0x00007ffcb59d0000 - 0x00007ffcb59e7000 	C:\Windows\SYSTEM32\CRYPTSP.dll
0x00007ffcb5400000 - 0x00007ffcb5433000 	C:\Windows\system32\rsaenh.dll
0x00007ffcb5b00000 - 0x00007ffcb5b25000 	C:\Windows\SYSTEM32\bcrypt.dll
0x00007ffcb5ed0000 - 0x00007ffcb5ef8000 	C:\Windows\SYSTEM32\USERENV.dll
0x00007ffcb59f0000 - 0x00007ffcb59fb000 	C:\Windows\SYSTEM32\CRYPTBASE.dll
0x00000000584f0000 - 0x000000005850a000 	C:\Program Files\Java\jre1.8.0_181\bin\net.dll
0x00007ffcb5820000 - 0x00007ffcb5886000 	C:\Windows\system32\mswsock.dll
0x00007ffcb55a0000 - 0x00007ffcb55d8000 	C:\Windows\SYSTEM32\IPHLPAPI.DLL
0x00007ffcb8590000 - 0x00007ffcb8598000 	C:\Windows\System32\NSI.dll
0x00007ffcb1380000 - 0x00007ffcb1396000 	C:\Windows\SYSTEM32\dhcpcsvc6.DLL
0x00007ffcb1a60000 - 0x00007ffcb1a7a000 	C:\Windows\SYSTEM32\dhcpcsvc.DLL
0x00000000584d0000 - 0x00000000584e1000 	C:\Program Files\Java\jre1.8.0_181\bin\nio.dll
0x00000000637c0000 - 0x00000000637cd000 	C:\Users\Onur Alp Bicer\AppData\Local\Temp\jogamp_0000\file_cache\jln9006382443589588518\jln6786142246398891130\natives\windows-amd64\gluegen-rt.dll
0x00007ffcb4450000 - 0x00007ffcb44e8000 	C:\Windows\system32\uxtheme.dll
0x00007ffcb8a60000 - 0x00007ffcb8bd5000 	C:\Windows\System32\MSCTF.dll
0x00007ffcb4720000 - 0x00007ffcb4749000 	C:\Windows\system32\dwmapi.dll
0x00007ffcb8900000 - 0x00007ffcb8a51000 	C:\Windows\System32\ole32.dll
0x0000000058210000 - 0x0000000058217000 	C:\Program Files\Java\jre1.8.0_181\bin\jawt.dll
0x000000006a440000 - 0x000000006a44d000 	C:\Users\Onur Alp Bicer\AppData\Local\Temp\jogamp_0000\file_cache\jln9006382443589588518\jln6786142246398891130\natives\windows-amd64\nativewindow_awt.dll
0x00007ffca03f0000 - 0x00007ffca0510000 	C:\Windows\system32\opengl32.dll
0x00007ffca0960000 - 0x00007ffca098c000 	C:\Windows\SYSTEM32\GLU32.dll
0x00007ffcb0150000 - 0x00007ffcb02e7000 	C:\Windows\system32\d3d9.dll
0x00007ffcb0060000 - 0x00007ffcb014c000 	C:\Windows\System32\DriverStore\FileRepository\nv_dispi.inf_amd64_52ac7eb8f32780d5\nvldumdx.dll
0x00007ffcb6180000 - 0x00007ffcb6362000 	C:\Windows\System32\crypt32.dll
0x00007ffcb5fa0000 - 0x00007ffcb5fb2000 	C:\Windows\System32\MSASN1.dll
0x00007ffcb6690000 - 0x00007ffcb66e7000 	C:\Windows\System32\WINTRUST.DLL
0x00007ffcb99a0000 - 0x00007ffcb99bd000 	C:\Windows\System32\imagehlp.dll
0x00007ffc65aa0000 - 0x00007ffc66cd9000 	C:\Windows\System32\DriverStore\FileRepository\nv_dispi.inf_amd64_52ac7eb8f32780d5\nvd3dumx.dll
0x00007ffc9f720000 - 0x00007ffc9f7e3000 	C:\Program Files (x86)\NVIDIA Corporation\3D Vision\nvSCPAPI64.dll
0x00007ffcb8d80000 - 0x00007ffcb91cb000 	C:\Windows\System32\SETUPAPI.dll
0x00007ffc837f0000 - 0x00007ffc83a34000 	C:\Windows\system32\nvspcap64.dll
0x00007ffcb5090000 - 0x00007ffcb50c1000 	C:\Windows\SYSTEM32\ntmarta.dll
0x00007ffcb4ce0000 - 0x00007ffcb4d02000 	C:\Windows\SYSTEM32\gpapi.dll
0x00007ffcb1010000 - 0x00007ffcb103e000 	C:\Windows\SYSTEM32\cryptnet.dll
0x000000006c100000 - 0x000000006c10f000 	C:\Users\Onur Alp Bicer\AppData\Local\Temp\jogamp_0000\file_cache\jln9006382443589588518\jln6786142246398891130\natives\windows-amd64\nativewindow_win32.dll
0x0000000064500000 - 0x00000000645b1000 	C:\Users\Onur Alp Bicer\AppData\Local\Temp\jogamp_0000\file_cache\jln9006382443589588518\jln6786142246398891130\natives\windows-amd64\jogl_desktop.dll
0x0000000064340000 - 0x00000000643a2000 	C:\Users\Onur Alp Bicer\AppData\Local\Temp\jogamp_0000\file_cache\jln9006382443589588518\jln6786142246398891130\natives\windows-amd64\jogl_mobile.dll
0x0000000055b80000 - 0x0000000058205000 	C:\Windows\System32\DriverStore\FileRepository\nv_dispi.inf_amd64_52ac7eb8f32780d5\nvoglv64.dll
0x00007ffcb28e0000 - 0x00007ffcb28f3000 	C:\Windows\SYSTEM32\WTSAPI32.dll
0x00007ffcb5db0000 - 0x00007ffcb5dd7000 	C:\Windows\SYSTEM32\DEVOBJ.dll
0x00007ffcb5100000 - 0x00007ffcb5156000 	C:\Windows\SYSTEM32\WINSTA.dll
0x000000006cbc0000 - 0x000000006cbd3000 	C:\Users\Onur Alp Bicer\AppData\Local\Temp\jogamp_0000\file_cache\jln9006382443589588518\jln6786142246398891130\natives\windows-amd64\newt.dll
0x00007ffcb0c70000 - 0x00007ffcb0d18000 	C:\Windows\SYSTEM32\mscms.dll
0x00007ffcb3e30000 - 0x00007ffcb3e40000 	C:\Windows\SYSTEM32\ColorAdapterClient.dll
0x00007ffc8df30000 - 0x00007ffc8df73000 	C:\Windows\SYSTEM32\icm32.dll
0x00007ffca4450000 - 0x00007ffca44e7000 	C:\Windows\System32\TextInputFramework.dll
0x00007ffcb3ce0000 - 0x00007ffcb3dba000 	C:\Windows\System32\CoreMessaging.dll
0x00007ffca32c0000 - 0x00007ffca35de000 	C:\Windows\System32\CoreUIComponents.dll
0x00007ffcb17b0000 - 0x00007ffcb18fd000 	C:\Windows\SYSTEM32\wintypes.dll
0x00007ffcaacc0000 - 0x00007ffcaae89000 	C:\Windows\SYSTEM32\dbghelp.dll

VM Arguments:
jvm_args: -Dfile.encoding=Cp1252 
java_command: unsw.graphics.world.World res/worlds/test1.json
java_class_path (initial): C:\Program Files\Java\jre1.8.0_181\lib\resources.jar;C:\Program Files\Java\jre1.8.0_181\lib\rt.jar;C:\Program Files\Java\jre1.8.0_181\lib\jsse.jar;C:\Program Files\Java\jre1.8.0_181\lib\jce.jar;C:\Program Files\Java\jre1.8.0_181\lib\charsets.jar;C:\Program Files\Java\jre1.8.0_181\lib\jfr.jar;C:\Program Files\Java\jre1.8.0_181\lib\ext\access-bridge-64.jar;C:\Program Files\Java\jre1.8.0_181\lib\ext\cldrdata.jar;C:\Program Files\Java\jre1.8.0_181\lib\ext\dnsns.jar;C:\Program Files\Java\jre1.8.0_181\lib\ext\jaccess.jar;C:\Program Files\Java\jre1.8.0_181\lib\ext\jfxrt.jar;C:\Program Files\Java\jre1.8.0_181\lib\ext\localedata.jar;C:\Program Files\Java\jre1.8.0_181\lib\ext\nashorn.jar;C:\Program Files\Java\jre1.8.0_181\lib\ext\sunec.jar;C:\Program Files\Java\jre1.8.0_181\lib\ext\sunjce_provider.jar;C:\Program Files\Java\jre1.8.0_181\lib\ext\sunmscapi.jar;C:\Program Files\Java\jre1.8.0_181\lib\ext\sunpkcs11.jar;C:\Program Files\Java\jre1.8.0_181\lib\ext\zipfs.jar;E:\COMP3421\RobEverestBelly\bin;E:\COMP3421\RobEverestBelly\lib\commons-lang3-3.7.jar;E:\COMP3421\RobEverestBelly\lib\gluegen-rt-natives-linux-amd64.jar;E:\COMP3421\RobEverestBelly\lib\gluegen-rt-natives-linux-armv6.jar;E:\COMP3421\RobEverestBelly\lib\gluegen-rt-natives-linux-armv6hf.jar;E:\COMP3421\RobEverestBelly\lib\gluegen-rt-natives-linux-i586.jar;E:\COMP3421\RobEverestBelly\lib\gluegen-rt-natives-macosx-universal.jar;E:\COMP3421\RobEverestBelly\lib\gluegen-rt-natives-windows-amd64.jar;E:\COMP3421\RobEverestBelly\lib\gluegen-rt-natives-windows-i586.jar;E:\COMP3421\RobEverestBelly\lib\gluegen-rt.jar;E:\COMP3421\RobEverestBelly\lib\jogl-all-natives-linux-amd64.jar;E:\COMP3421\RobEverestBelly\lib\jogl-all-natives-linux-armv6.jar;E:\COMP3421\RobEverestBelly\lib\jogl-all-natives-linux-armv6hf.jar;E:\COMP3421\RobEverestBelly\lib\jogl-all-natives-linux-i586.jar;E:\COMP3421\RobEverestBelly\lib\jogl-all-natives-macosx-universal.jar;E:\COMP3421\RobEverestBelly\lib\jogl-all-natives-windows-am
Launcher Type: SUN_STANDARD

Environment Variables:
PATH=C:/Program Files/Java/jre1.8.0_181/bin/server;C:/Program Files/Java/jre1.8.0_181/bin;C:/Program Files/Java/jre1.8.0_181/lib/amd64;C:\Program Files\NVIDIA GPU Computing Toolkit\CUDA\v9.0\bin;C:\Program Files\NVIDIA GPU Computing Toolkit\CUDA\v9.0\libnvvp;C:\Program Files (x86)\Common Files\Oracle\Java\javapath;C:\Windows\system32;C:\Windows;C:\Windows\System32\Wbem;C:\Windows\System32\WindowsPowerShell\v1.0\;C:\Windows\System32\OpenSSH\;C:\Program Files (x86)\NVIDIA Corporation\PhysX\Common;C:\Program Files\PuTTY\;C:\Program Files\Microsoft VS Code\bin;C:\Program Files\nodejs\;C:\Program Files\Git\cmd;C:\Users\Onur Alp Bicer\AppData\Local\Programs\Python\Python36\Scripts\;C:\Users\Onur Alp Bicer\AppData\Local\Programs\Python\Python36\;"C:\Users\Onur Alp Bicer\AppData\Local\Microsoft\WindowsApps;C:\MinGW\bin";C:\Users\Onur Alp Bicer\AppData\Roaming\npm;C:\Users\Onur Alp Bicer\Desktop;
USERNAME=Onur Alp Bicer
OS=Windows_NT
PROCESSOR_IDENTIFIER=AMD64 Family 23 Model 8 Stepping 2, AuthenticAMD



---------------  S Y S T E M  ---------------

OS: Windows 10.0 , 64 bit Build 17134 (10.0.17134.1)

CPU:total 12 (initial active 12) (12 cores per cpu, 1 threads per core) family 23 model 8 stepping 2, cmov, cx8, fxsr, mmx, sse, sse2, sse3, ssse3, sse4.1, sse4.2, popcnt, avx, avx2, aes, clmul, mmxext, 3dnowpref, lzcnt, sse4a, tsc, tscinvbit, tscinv, bmi1

Memory: 4k page, physical 16725840k(11071880k free), swap 17774416k(9491528k free)

vm_info: Java HotSpot(TM) 64-Bit Server VM (25.181-b13) for windows-amd64 JRE (1.8.0_181-b13), built on Jul  7 2018 04:01:33 by "java_re" with MS VC++ 10.0 (VS2010)

time: Fri Sep 28 11:58:33 2018
elapsed time: 2 seconds (0d 0h 0m 2s)

