#
# A fatal error has been detected by the Java Runtime Environment:
#
#  EXCEPTION_ACCESS_VIOLATION (0xc0000005) at pc=0x0000000002a1feee, pid=1184, tid=0x0000000000003160
#
# JRE version: Java(TM) SE Runtime Environment (8.0_181-b13) (build 1.8.0_181-b13)
# Java VM: Java HotSpot(TM) 64-Bit Server VM (25.181-b13 mixed mode windows-amd64 compressed oops)
# Problematic frame:
# C  0x0000000002a1feee
#
# Failed to write core dump. Minidumps are not enabled by default on client versions of Windows
#
# If you would like to submit a bug report, please visit:
#   http://bugreport.java.com/bugreport/crash.jsp
# The crash happened outside the Java Virtual Machine in native code.
# See problematic frame for where to report the bug.
#

---------------  T H R E A D  ---------------

Current thread (0x000000002045e000):  JavaThread "main-FPSAWTAnimator#00-Timer0" [_thread_in_native, id=12640, stack(0x0000000030000000,0x0000000030100000)]

siginfo: ExceptionCode=0xc0000005, reading address 0x0000000000000000

Registers:
RAX=0x000000002542e7f0, RBX=0x000000002c8d0000, RCX=0x0000000000000000, RDX=0x0000000000000002
RSP=0x00000000300fe8e0, RBP=0x0000000000000000, RSI=0x0000000000000000, RDI=0x0000000000000000
R8 =0x0000000000000000, R9 =0x0000000000000002, R10=0x0000000030108040, R11=0x0000000000000000
R12=0x0000000000000000, R13=0x0000000000000000, R14=0x0000000000000001, R15=0x000000002542e7f0
RIP=0x0000000002a1feee, EFLAGS=0x0000000000010246

Top of Stack: (sp=0x00000000300fe8e0)
0x00000000300fe8e0:   00000000253c7ad4 0000000000000000
0x00000000300fe8f0:   0000000000000002 000000002c8d0000
0x00000000300fe900:   0000000030108040 00000000566f7649
0x00000000300fe910:   000000002c8d0000 0000000030108040
0x00000000300fe920:   0000000000000002 000000002c8d0000
0x00000000300fe930:   00000000300fe9a0 000000005671c6ba
0x00000000300fe940:   0000000030108040 000000002c5a2bb8
0x00000000300fe950:   0000000000000001 0000000030108040
0x00000000300fe960:   0000000000000002 0000000000000000
0x00000000300fe970:   000000002c8d0000 00000000566f3f1d
0x00000000300fe980:   000000002c8d0000 0000000000000000
0x00000000300fe990:   000000002b887148 000000002045e000
0x00000000300fe9a0:   0000000000000103 00c0000000000000
0x00000000300fe9b0:   00000000300feae8 00000000562dfb81
0x00000000300fe9c0:   000000002c8d0000 0000000000000000
0x00000000300fe9d0:   0000000000000002 0000000000000001 

Instructions: (pc=0x0000000002a1feee)
0x0000000002a1fece:   78 08 48 be d0 82 92 2c 00 00 00 00 48 8b 36 48
0x0000000002a1fede:   8b b6 38 03 00 00 48 8b f9 48 c1 e7 04 48 03 f7
0x0000000002a1feee:   8b 3e 8b 6e 04 89 78 0c 89 68 10 8b 7e 08 8b 6e
0x0000000002a1fefe:   0c 89 78 14 89 68 18 48 83 c0 1c ff c1 ff ca 75 


Register to memory mapping:

RAX=0x000000002542e7f0 is an unknown value
RBX=0x000000002c8d0000 is an unknown value
RCX=0x0000000000000000 is an unknown value
RDX=0x0000000000000002 is an unknown value
RSP=0x00000000300fe8e0 is pointing into the stack for thread: 0x000000002045e000
RBP=0x0000000000000000 is an unknown value
RSI=0x0000000000000000 is an unknown value
RDI=0x0000000000000000 is an unknown value
R8 =0x0000000000000000 is an unknown value
R9 =0x0000000000000002 is an unknown value
R10=0x0000000030108040 is an unknown value
R11=0x0000000000000000 is an unknown value
R12=0x0000000000000000 is an unknown value
R13=0x0000000000000000 is an unknown value
R14=0x0000000000000001 is an unknown value
R15=0x000000002542e7f0 is an unknown value


Stack: [0x0000000030000000,0x0000000030100000],  sp=0x00000000300fe8e0,  free space=1018k
Native frames: (J=compiled Java code, j=interpreted, Vv=VM code, C=native code)

Java frames: (J=compiled Java code, j=interpreted, Vv=VM code)
j  jogamp.opengl.gl4.GL4bcImpl.dispatch_glDrawArrays1(IIIJ)V+0
j  jogamp.opengl.gl4.GL4bcImpl.glDrawArrays(III)V+45
j  unsw.graphics.geometry.Line3D.draw(Lcom/jogamp/opengl/GL3;Lunsw/graphics/CoordFrame3D;)V+97
j  unsw.graphics.CoordFrame3D.draw(Lcom/jogamp/opengl/GL3;)V+53
j  unsw.graphics.world.World.display(Lcom/jogamp/opengl/GL3;)V+118
j  unsw.graphics.Application.display(Lcom/jogamp/opengl/GLAutoDrawable;)V+14
j  jogamp.opengl.GLDrawableHelper.displayImpl(Lcom/jogamp/opengl/GLAutoDrawable;)V+62
j  jogamp.opengl.GLDrawableHelper.display(Lcom/jogamp/opengl/GLAutoDrawable;)V+2
j  jogamp.opengl.GLAutoDrawableBase$2.run()V+59
j  jogamp.opengl.GLDrawableHelper.invokeGLImpl(Lcom/jogamp/opengl/GLDrawable;Lcom/jogamp/opengl/GLContext;Ljava/lang/Runnable;Ljava/lang/Runnable;)V+203
j  jogamp.opengl.GLDrawableHelper.invokeGL(Lcom/jogamp/opengl/GLDrawable;Lcom/jogamp/opengl/GLContext;Ljava/lang/Runnable;Ljava/lang/Runnable;)V+72
j  com.jogamp.newt.opengl.GLWindow.display()V+90
j  com.jogamp.opengl.util.AWTAnimatorImpl.display(Ljava/util/ArrayList;ZZ)V+68
j  com.jogamp.opengl.util.AnimatorBase.display()V+16
j  com.jogamp.opengl.util.FPSAnimator$MainTask.run()V+216
j  java.util.TimerThread.mainLoop()V+221
j  java.util.TimerThread.run()V+1
v  ~StubRoutines::call_stub

---------------  P R O C E S S  ---------------

Java Threads: ( => current thread )
  0x0000000002b43000 JavaThread "DestroyJavaVM" [_thread_blocked, id=10052, stack(0x0000000002a40000,0x0000000002b40000)]
=>0x000000002045e000 JavaThread "main-FPSAWTAnimator#00-Timer0" [_thread_in_native, id=12640, stack(0x0000000030000000,0x0000000030100000)]
  0x00000000208dd000 JavaThread "main-Display-.windows_nil-1-EDT-1" daemon [_thread_blocked, id=9944, stack(0x000000002f340000,0x000000002f440000)]
  0x0000000020166000 JavaThread "main-SharedResourceRunner" daemon [_thread_blocked, id=8392, stack(0x000000002bbd0000,0x000000002bcd0000)]
  0x0000000020185000 JavaThread "AWT-Windows" daemon [_thread_in_native, id=5372, stack(0x0000000021a50000,0x0000000021b50000)]
  0x0000000020177000 JavaThread "Java2D Disposer" daemon [_thread_blocked, id=256, stack(0x0000000021850000,0x0000000021950000)]
  0x000000001e063800 JavaThread "Service Thread" daemon [_thread_blocked, id=9172, stack(0x000000001fa00000,0x000000001fb00000)]
  0x000000001e01e800 JavaThread "C1 CompilerThread3" daemon [_thread_blocked, id=6528, stack(0x000000001f900000,0x000000001fa00000)]
  0x000000001dfeb000 JavaThread "C2 CompilerThread2" daemon [_thread_blocked, id=9392, stack(0x000000001f800000,0x000000001f900000)]
  0x000000001dfcb800 JavaThread "C2 CompilerThread1" daemon [_thread_blocked, id=11364, stack(0x000000001f700000,0x000000001f800000)]
  0x000000001dfbf800 JavaThread "C2 CompilerThread0" daemon [_thread_blocked, id=11920, stack(0x000000001f600000,0x000000001f700000)]
  0x000000001dfbc800 JavaThread "Attach Listener" daemon [_thread_blocked, id=6872, stack(0x000000001f500000,0x000000001f600000)]
  0x000000001c8fe000 JavaThread "Signal Dispatcher" daemon [_thread_blocked, id=10636, stack(0x000000001f400000,0x000000001f500000)]
  0x000000001dfb3000 JavaThread "Finalizer" daemon [_thread_blocked, id=1776, stack(0x000000001f210000,0x000000001f310000)]
  0x0000000002c3b000 JavaThread "Reference Handler" daemon [_thread_blocked, id=10900, stack(0x000000001f110000,0x000000001f210000)]

Other Threads:
  0x000000001df92800 VMThread [stack: 0x000000001f010000,0x000000001f110000] [id=10124]
  0x000000001e065800 WatcherThread [stack: 0x000000001fb00000,0x000000001fc00000] [id=6040]

VM state:not at safepoint (normal execution)

VM Mutex/Monitor currently owned by a thread: None

Heap:
 PSYoungGen      total 76288K, used 11572K [0x000000076af00000, 0x0000000770400000, 0x00000007c0000000)
  eden space 65536K, 8% used [0x000000076af00000,0x000000076b4257d0,0x000000076ef00000)
  from space 10752K, 58% used [0x000000076ef00000,0x000000076f5279a0,0x000000076f980000)
  to   space 10752K, 0% used [0x000000076f980000,0x000000076f980000,0x0000000770400000)
 ParOldGen       total 175104K, used 16K [0x00000006c0c00000, 0x00000006cb700000, 0x000000076af00000)
  object space 175104K, 0% used [0x00000006c0c00000,0x00000006c0c04000,0x00000006cb700000)
 Metaspace       used 14005K, capacity 14180K, committed 14592K, reserved 1062912K
  class space    used 1365K, capacity 1439K, committed 1536K, reserved 1048576K

Card table byte_map: [0x0000000012000000,0x0000000012800000] byte_map_base: 0x000000000e9fa000

Marking Bits: (ParMarkBitMap*) 0x0000000058e62d00
 Begin Bits: [0x0000000013760000, 0x0000000017730000)
 End Bits:   [0x0000000017730000, 0x000000001b700000)

Polling page: 0x00000000007d0000

CodeCache: size=245760Kb used=3928Kb max_used=3939Kb free=241831Kb
 bounds [0x0000000002c40000, 0x0000000003020000, 0x0000000011c40000]
 total_blobs=1740 nmethods=957 adapters=697
 compilation: enabled

Compilation events (10 events):
Event: 1.873 Thread 0x000000001e01e800  953       3       java.io.WinNTFileSystem::normalize (231 bytes)
Event: 1.875 Thread 0x000000001e01e800 nmethod 953 0x0000000003006b10 code [0x0000000003006fe0, 0x000000000300ae78]
Event: 1.951 Thread 0x000000001e01e800  954       3       java.nio.Buffer::<init> (121 bytes)
Event: 1.952 Thread 0x000000001e01e800 nmethod 954 0x000000000300d9d0 code [0x000000000300dca0, 0x000000000300f148]
Event: 1.952 Thread 0x000000001e01e800  955   !   3       java.io.BufferedReader::readLine (304 bytes)
Event: 1.954 Thread 0x000000001e01e800 nmethod 955 0x000000000300fad0 code [0x000000000300fd60, 0x00000000030114c8]
Event: 2.094 Thread 0x000000001dfbf800  956       4       java.lang.StringBuilder::append (8 bytes)
Event: 2.094 Thread 0x000000001e01e800  957   !   3       sun.net.www.ParseUtil::decode (316 bytes)
Event: 2.098 Thread 0x000000001e01e800 nmethod 957 0x00000000030126d0 code [0x0000000003012be0, 0x00000000030165a8]
Event: 2.099 Thread 0x000000001dfbf800 nmethod 956 0x000000000301b8d0 code [0x000000000301ba20, 0x000000000301bd98]

GC Heap History (2 events):
Event: 1.851 GC heap before
{Heap before GC invocations=1 (full 0):
 PSYoungGen      total 76288K, used 65536K [0x000000076af00000, 0x0000000770400000, 0x00000007c0000000)
  eden space 65536K, 100% used [0x000000076af00000,0x000000076ef00000,0x000000076ef00000)
  from space 10752K, 0% used [0x000000076f980000,0x000000076f980000,0x0000000770400000)
  to   space 10752K, 0% used [0x000000076ef00000,0x000000076ef00000,0x000000076f980000)
 ParOldGen       total 175104K, used 0K [0x00000006c0c00000, 0x00000006cb700000, 0x000000076af00000)
  object space 175104K, 0% used [0x00000006c0c00000,0x00000006c0c00000,0x00000006cb700000)
 Metaspace       used 13844K, capacity 14052K, committed 14336K, reserved 1062912K
  class space    used 1352K, capacity 1439K, committed 1536K, reserved 1048576K
Event: 1.856 GC heap after
Heap after GC invocations=1 (full 0):
 PSYoungGen      total 76288K, used 6302K [0x000000076af00000, 0x0000000770400000, 0x00000007c0000000)
  eden space 65536K, 0% used [0x000000076af00000,0x000000076af00000,0x000000076ef00000)
  from space 10752K, 58% used [0x000000076ef00000,0x000000076f5279a0,0x000000076f980000)
  to   space 10752K, 0% used [0x000000076f980000,0x000000076f980000,0x0000000770400000)
 ParOldGen       total 175104K, used 16K [0x00000006c0c00000, 0x00000006cb700000, 0x000000076af00000)
  object space 175104K, 0% used [0x00000006c0c00000,0x00000006c0c04000,0x00000006cb700000)
 Metaspace       used 13844K, capacity 14052K, committed 14336K, reserved 1062912K
  class space    used 1352K, capacity 1439K, committed 1536K, reserved 1048576K
}

Deoptimization events (10 events):
Event: 0.870 Thread 0x0000000002b43000 Uncommon trap: reason=bimorphic action=maybe_recompile pc=0x0000000002efcb8c method=java.util.regex.Pattern$BmpCharProperty.match(Ljava/util/regex/Matcher;ILjava/lang/CharSequence;)Z @ 31
Event: 0.870 Thread 0x0000000002b43000 Uncommon trap: reason=bimorphic action=maybe_recompile pc=0x0000000002efcb8c method=java.util.regex.Pattern$BmpCharProperty.match(Ljava/util/regex/Matcher;ILjava/lang/CharSequence;)Z @ 31
Event: 0.870 Thread 0x0000000002b43000 Uncommon trap: reason=bimorphic action=maybe_recompile pc=0x0000000002efcb8c method=java.util.regex.Pattern$BmpCharProperty.match(Ljava/util/regex/Matcher;ILjava/lang/CharSequence;)Z @ 31
Event: 0.870 Thread 0x0000000002b43000 Uncommon trap: reason=unstable_if action=reinterpret pc=0x0000000002e8eb38 method=java.util.HashMap.getNode(ILjava/lang/Object;)Ljava/util/HashMap$Node; @ 62
Event: 0.871 Thread 0x0000000002b43000 Uncommon trap: reason=bimorphic action=maybe_recompile pc=0x0000000002efcb8c method=java.util.regex.Pattern$BmpCharProperty.match(Ljava/util/regex/Matcher;ILjava/lang/CharSequence;)Z @ 31
Event: 1.281 Thread 0x0000000002b43000 Uncommon trap: reason=unstable_if action=reinterpret pc=0x0000000002dd8898 method=java.lang.String.startsWith(Ljava/lang/String;I)Z @ 25
Event: 1.530 Thread 0x0000000020166000 Uncommon trap: reason=unstable_if action=reinterpret pc=0x0000000002e4b0a4 method=java.lang.String.trim()Ljava/lang/String; @ 23
Event: 1.690 Thread 0x0000000002b43000 Uncommon trap: reason=bimorphic action=maybe_recompile pc=0x0000000002ef947c method=java.util.regex.Pattern$Start.match(Ljava/util/regex/Matcher;ILjava/lang/CharSequence;)Z @ 44
Event: 1.690 Thread 0x0000000002b43000 Uncommon trap: reason=bimorphic action=maybe_recompile pc=0x0000000002ef947c method=java.util.regex.Pattern$Start.match(Ljava/util/regex/Matcher;ILjava/lang/CharSequence;)Z @ 44
Event: 1.725 Thread 0x0000000002b43000 Uncommon trap: reason=unstable_if action=reinterpret pc=0x0000000002fa9434 method=java.lang.reflect.AccessibleObject.setAccessible0(Ljava/lang/reflect/AccessibleObject;Z)V @ 4

Classes redefined (0 events):
No events

Internal exceptions (10 events):
Event: 0.030 Thread 0x0000000002b43000 Exception <a 'java/lang/NoSuchMethodError': Method sun.misc.Unsafe.defineClass(Ljava/lang/String;[BII)Ljava/lang/Class; name or signature does not match> (0x000000076af07cb0) thrown at [C:\re\workspace\8-2-build-windows-amd64-cygwin\jdk8u181\11358\hotspot
Event: 0.030 Thread 0x0000000002b43000 Exception <a 'java/lang/NoSuchMethodError': Method sun.misc.Unsafe.prefetchRead(Ljava/lang/Object;J)V name or signature does not match> (0x000000076af07f98) thrown at [C:\re\workspace\8-2-build-windows-amd64-cygwin\jdk8u181\11358\hotspot\src\share\vm\prim
Event: 0.110 Thread 0x0000000002b43000 Exception <a 'java/security/PrivilegedActionException'> (0x000000076b209c98) thrown at [C:\re\workspace\8-2-build-windows-amd64-cygwin\jdk8u181\11358\hotspot\src\share\vm\prims\jvm.cpp, line 1435]
Event: 0.110 Thread 0x0000000002b43000 Exception <a 'java/security/PrivilegedActionException'> (0x000000076b209ea8) thrown at [C:\re\workspace\8-2-build-windows-amd64-cygwin\jdk8u181\11358\hotspot\src\share\vm\prims\jvm.cpp, line 1435]
Event: 0.110 Thread 0x0000000002b43000 Exception <a 'java/security/PrivilegedActionException'> (0x000000076b20db18) thrown at [C:\re\workspace\8-2-build-windows-amd64-cygwin\jdk8u181\11358\hotspot\src\share\vm\prims\jvm.cpp, line 1435]
Event: 0.110 Thread 0x0000000002b43000 Exception <a 'java/security/PrivilegedActionException'> (0x000000076b20dd28) thrown at [C:\re\workspace\8-2-build-windows-amd64-cygwin\jdk8u181\11358\hotspot\src\share\vm\prims\jvm.cpp, line 1435]
Event: 0.115 Thread 0x0000000002b43000 Exception <a 'java/io/FileNotFoundException'> (0x000000076b216a18) thrown at [C:\re\workspace\8-2-build-windows-amd64-cygwin\jdk8u181\11358\hotspot\src\share\vm\prims\jni.cpp, line 709]
Event: 0.139 Thread 0x0000000002b43000 Exception <a 'java/lang/NoSuchFieldError': method resolution failed> (0x000000076b2e7600) thrown at [C:\re\workspace\8-2-build-windows-amd64-cygwin\jdk8u181\11358\hotspot\src\share\vm\prims\methodHandles.cpp, line 1167]
Event: 0.140 Thread 0x0000000002b43000 Exception <a 'java/lang/NoSuchFieldError': method resolution failed> (0x000000076b2f49d0) thrown at [C:\re\workspace\8-2-build-windows-amd64-cygwin\jdk8u181\11358\hotspot\src\share\vm\prims\methodHandles.cpp, line 1167]
Event: 0.928 Thread 0x0000000002b43000 Exception <a 'java/io/FileNotFoundException'> (0x000000076ce28da8) thrown at [C:\re\workspace\8-2-build-windows-amd64-cygwin\jdk8u181\11358\hotspot\src\share\vm\prims\jni.cpp, line 709]

Events (10 events):
Event: 2.093 loading class unsw/graphics/Matrix4
Event: 2.093 loading class unsw/graphics/Matrix4 done
Event: 2.112 loading class sun/awt/AppContext$PostShutdownEventRunnable
Event: 2.113 loading class sun/awt/AppContext$PostShutdownEventRunnable done
Event: 2.113 loading class sun/awt/AWTAutoShutdown$1
Event: 2.113 loading class sun/awt/AWTAutoShutdown$1 done
Event: 2.113 Thread 0x0000000020178000 Thread exited: 0x0000000020178000
Event: 2.113 Thread 0x00000000201f8800 Thread exited: 0x00000000201f8800
Event: 2.190 loading class unsw/graphics/geometry/Line3D
Event: 2.190 loading class unsw/graphics/geometry/Line3D done


Dynamic libraries:
0x00007ff608af0000 - 0x00007ff608b27000 	C:\Program Files\Java\jre1.8.0_181\bin\javaw.exe
0x00007ffcb9c90000 - 0x00007ffcb9e71000 	C:\Windows\SYSTEM32\ntdll.dll
0x00007ffcb8610000 - 0x00007ffcb86c2000 	C:\Windows\System32\KERNEL32.DLL
0x00007ffcb6790000 - 0x00007ffcb6a03000 	C:\Windows\System32\KERNELBASE.dll
0x00007ffcb8750000 - 0x00007ffcb87f1000 	C:\Windows\System32\ADVAPI32.dll
0x00007ffcb8800000 - 0x00007ffcb889e000 	C:\Windows\System32\msvcrt.dll
0x00007ffcb95f0000 - 0x00007ffcb964b000 	C:\Windows\System32\sechost.dll
0x00007ffcb9a60000 - 0x00007ffcb9b84000 	C:\Windows\System32\RPCRT4.dll
0x00007ffcb9810000 - 0x00007ffcb99a0000 	C:\Windows\System32\USER32.dll
0x00007ffcb6160000 - 0x00007ffcb6180000 	C:\Windows\System32\win32u.dll
0x00007ffcb7120000 - 0x00007ffcb7148000 	C:\Windows\System32\GDI32.dll
0x00007ffcb6370000 - 0x00007ffcb6502000 	C:\Windows\System32\gdi32full.dll
0x00007ffcb66f0000 - 0x00007ffcb678f000 	C:\Windows\System32\msvcp_win.dll
0x00007ffcb6060000 - 0x00007ffcb615a000 	C:\Windows\System32\ucrtbase.dll
0x00007ffc9f170000 - 0x00007ffc9f3d9000 	C:\Windows\WinSxS\amd64_microsoft.windows.common-controls_6595b64144ccf1df_6.0.17134.285_none_fb4297e330656775\COMCTL32.dll
0x00007ffcb91d0000 - 0x00007ffcb94f3000 	C:\Windows\System32\combase.dll
0x00007ffcb65c0000 - 0x00007ffcb663a000 	C:\Windows\System32\bcryptPrimitives.dll
0x00007ffcb97e0000 - 0x00007ffcb980d000 	C:\Windows\System32\IMM32.DLL
0x00000000583a0000 - 0x0000000058472000 	C:\Program Files\Java\jre1.8.0_181\bin\msvcr100.dll
0x0000000058640000 - 0x0000000058ee2000 	C:\Program Files\Java\jre1.8.0_181\bin\server\jvm.dll
0x00007ffcb96b0000 - 0x00007ffcb96b8000 	C:\Windows\System32\PSAPI.DLL
0x00007ffcb3dd0000 - 0x00007ffcb3dd9000 	C:\Windows\SYSTEM32\WSOCK32.dll
0x00007ffcb3500000 - 0x00007ffcb3523000 	C:\Windows\SYSTEM32\WINMM.dll
0x00007ffcb96c0000 - 0x00007ffcb972c000 	C:\Windows\System32\WS2_32.dll
0x00007ffcb1220000 - 0x00007ffcb122a000 	C:\Windows\SYSTEM32\VERSION.dll
0x00007ffcb34d0000 - 0x00007ffcb34fa000 	C:\Windows\SYSTEM32\WINMMBASE.dll
0x00007ffcb6640000 - 0x00007ffcb6689000 	C:\Windows\System32\cfgmgr32.dll
0x0000000058f80000 - 0x0000000058f8f000 	C:\Program Files\Java\jre1.8.0_181\bin\verify.dll
0x0000000058530000 - 0x0000000058559000 	C:\Program Files\Java\jre1.8.0_181\bin\java.dll
0x0000000058510000 - 0x0000000058526000 	C:\Program Files\Java\jre1.8.0_181\bin\zip.dll
0x00007ffcb7150000 - 0x00007ffcb8590000 	C:\Windows\System32\SHELL32.dll
0x00007ffcb9730000 - 0x00007ffcb97d9000 	C:\Windows\System32\shcore.dll
0x00007ffcb6a10000 - 0x00007ffcb711d000 	C:\Windows\System32\windows.storage.dll
0x00007ffcb88a0000 - 0x00007ffcb88f1000 	C:\Windows\System32\shlwapi.dll
0x00007ffcb6010000 - 0x00007ffcb6021000 	C:\Windows\System32\kernel.appcore.dll
0x00007ffcb6040000 - 0x00007ffcb605f000 	C:\Windows\System32\profapi.dll
0x00007ffcb5fc0000 - 0x00007ffcb600c000 	C:\Windows\System32\powrprof.dll
0x00007ffcb6030000 - 0x00007ffcb603a000 	C:\Windows\System32\FLTLIB.DLL
0x0000000058200000 - 0x0000000058399000 	C:\Program Files\Java\jre1.8.0_181\bin\awt.dll
0x00007ffcb9b90000 - 0x00007ffcb9c52000 	C:\Windows\System32\OLEAUT32.dll
0x00007ffcb4320000 - 0x00007ffcb43ab000 	C:\Windows\SYSTEM32\apphelp.dll
0x00007ffcb59d0000 - 0x00007ffcb59e7000 	C:\Windows\SYSTEM32\CRYPTSP.dll
0x00007ffcb5400000 - 0x00007ffcb5433000 	C:\Windows\system32\rsaenh.dll
0x00007ffcb5b00000 - 0x00007ffcb5b25000 	C:\Windows\SYSTEM32\bcrypt.dll
0x00007ffcb5ed0000 - 0x00007ffcb5ef8000 	C:\Windows\SYSTEM32\USERENV.dll
0x00007ffcb59f0000 - 0x00007ffcb59fb000 	C:\Windows\SYSTEM32\CRYPTBASE.dll
0x00000000584f0000 - 0x000000005850a000 	C:\Program Files\Java\jre1.8.0_181\bin\net.dll
0x00007ffcb5820000 - 0x00007ffcb5886000 	C:\Windows\system32\mswsock.dll
0x00007ffcb55a0000 - 0x00007ffcb55d8000 	C:\Windows\SYSTEM32\IPHLPAPI.DLL
0x00007ffcb8590000 - 0x00007ffcb8598000 	C:\Windows\System32\NSI.dll
0x00007ffcb1380000 - 0x00007ffcb1396000 	C:\Windows\SYSTEM32\dhcpcsvc6.DLL
0x00007ffcb1a60000 - 0x00007ffcb1a7a000 	C:\Windows\SYSTEM32\dhcpcsvc.DLL
0x00000000584d0000 - 0x00000000584e1000 	C:\Program Files\Java\jre1.8.0_181\bin\nio.dll
0x00000000637c0000 - 0x00000000637cd000 	C:\Users\Onur Alp Bicer\AppData\Local\Temp\jogamp_0000\file_cache\jln1320931505966937384\jln4200464397269438785\natives\windows-amd64\gluegen-rt.dll
0x00007ffcb4450000 - 0x00007ffcb44e8000 	C:\Windows\system32\uxtheme.dll
0x00007ffcb8a60000 - 0x00007ffcb8bd5000 	C:\Windows\System32\MSCTF.dll
0x00007ffcb4720000 - 0x00007ffcb4749000 	C:\Windows\system32\dwmapi.dll
0x00007ffcb8900000 - 0x00007ffcb8a51000 	C:\Windows\System32\ole32.dll
0x00000000581f0000 - 0x00000000581f7000 	C:\Program Files\Java\jre1.8.0_181\bin\jawt.dll
0x000000006a440000 - 0x000000006a44d000 	C:\Users\Onur Alp Bicer\AppData\Local\Temp\jogamp_0000\file_cache\jln1320931505966937384\jln4200464397269438785\natives\windows-amd64\nativewindow_awt.dll
0x00007ffc8ea60000 - 0x00007ffc8eb80000 	C:\Windows\system32\opengl32.dll
0x00007ffc903a0000 - 0x00007ffc903cc000 	C:\Windows\SYSTEM32\GLU32.dll
0x00007ffcb0150000 - 0x00007ffcb02e7000 	C:\Windows\system32\d3d9.dll
0x00007ffcb0060000 - 0x00007ffcb014c000 	C:\Windows\System32\DriverStore\FileRepository\nv_dispi.inf_amd64_52ac7eb8f32780d5\nvldumdx.dll
0x00007ffcb6180000 - 0x00007ffcb6362000 	C:\Windows\System32\crypt32.dll
0x00007ffcb5fa0000 - 0x00007ffcb5fb2000 	C:\Windows\System32\MSASN1.dll
0x00007ffcb6690000 - 0x00007ffcb66e7000 	C:\Windows\System32\WINTRUST.DLL
0x00007ffcb99a0000 - 0x00007ffcb99bd000 	C:\Windows\System32\imagehlp.dll
0x00007ffc656c0000 - 0x00007ffc668f9000 	C:\Windows\System32\DriverStore\FileRepository\nv_dispi.inf_amd64_52ac7eb8f32780d5\nvd3dumx.dll
0x00007ffc9f720000 - 0x00007ffc9f7e3000 	C:\Program Files (x86)\NVIDIA Corporation\3D Vision\nvSCPAPI64.dll
0x00007ffcb8d80000 - 0x00007ffcb91cb000 	C:\Windows\System32\SETUPAPI.dll
0x00007ffc837f0000 - 0x00007ffc83a34000 	C:\Windows\system32\nvspcap64.dll
0x00007ffcb5090000 - 0x00007ffcb50c1000 	C:\Windows\SYSTEM32\ntmarta.dll
0x00007ffcb4ce0000 - 0x00007ffcb4d02000 	C:\Windows\SYSTEM32\gpapi.dll
0x00007ffcb1010000 - 0x00007ffcb103e000 	C:\Windows\SYSTEM32\cryptnet.dll
0x000000006c100000 - 0x000000006c10f000 	C:\Users\Onur Alp Bicer\AppData\Local\Temp\jogamp_0000\file_cache\jln1320931505966937384\jln4200464397269438785\natives\windows-amd64\nativewindow_win32.dll
0x0000000064500000 - 0x00000000645b1000 	C:\Users\Onur Alp Bicer\AppData\Local\Temp\jogamp_0000\file_cache\jln1320931505966937384\jln4200464397269438785\natives\windows-amd64\jogl_desktop.dll
0x0000000064340000 - 0x00000000643a2000 	C:\Users\Onur Alp Bicer\AppData\Local\Temp\jogamp_0000\file_cache\jln1320931505966937384\jln4200464397269438785\natives\windows-amd64\jogl_mobile.dll
0x0000000055b60000 - 0x00000000581e5000 	C:\Windows\System32\DriverStore\FileRepository\nv_dispi.inf_amd64_52ac7eb8f32780d5\nvoglv64.dll
0x00007ffcb28e0000 - 0x00007ffcb28f3000 	C:\Windows\SYSTEM32\WTSAPI32.dll
0x00007ffcb5db0000 - 0x00007ffcb5dd7000 	C:\Windows\SYSTEM32\DEVOBJ.dll
0x00007ffcb5100000 - 0x00007ffcb5156000 	C:\Windows\SYSTEM32\WINSTA.dll
0x000000006cbc0000 - 0x000000006cbd3000 	C:\Users\Onur Alp Bicer\AppData\Local\Temp\jogamp_0000\file_cache\jln1320931505966937384\jln4200464397269438785\natives\windows-amd64\newt.dll
0x00007ffcb0c70000 - 0x00007ffcb0d18000 	C:\Windows\SYSTEM32\mscms.dll
0x00007ffcb3e30000 - 0x00007ffcb3e40000 	C:\Windows\SYSTEM32\ColorAdapterClient.dll
0x00007ffc8df30000 - 0x00007ffc8df73000 	C:\Windows\SYSTEM32\icm32.dll
0x00007ffca4450000 - 0x00007ffca44e7000 	C:\Windows\System32\TextInputFramework.dll
0x00007ffca32c0000 - 0x00007ffca35de000 	C:\Windows\System32\CoreUIComponents.dll
0x00007ffcb3ce0000 - 0x00007ffcb3dba000 	C:\Windows\System32\CoreMessaging.dll
0x00007ffcb17b0000 - 0x00007ffcb18fd000 	C:\Windows\SYSTEM32\wintypes.dll
0x00007ffcaacc0000 - 0x00007ffcaae89000 	C:\Windows\SYSTEM32\dbghelp.dll

VM Arguments:
jvm_args: -Dfile.encoding=Cp1252 
java_command: unsw.graphics.world.World res/worlds/test1.json
java_class_path (initial): C:\Program Files\Java\jre1.8.0_181\lib\resources.jar;C:\Program Files\Java\jre1.8.0_181\lib\rt.jar;C:\Program Files\Java\jre1.8.0_181\lib\jsse.jar;C:\Program Files\Java\jre1.8.0_181\lib\jce.jar;C:\Program Files\Java\jre1.8.0_181\lib\charsets.jar;C:\Program Files\Java\jre1.8.0_181\lib\jfr.jar;C:\Program Files\Java\jre1.8.0_181\lib\ext\access-bridge-64.jar;C:\Program Files\Java\jre1.8.0_181\lib\ext\cldrdata.jar;C:\Program Files\Java\jre1.8.0_181\lib\ext\dnsns.jar;C:\Program Files\Java\jre1.8.0_181\lib\ext\jaccess.jar;C:\Program Files\Java\jre1.8.0_181\lib\ext\jfxrt.jar;C:\Program Files\Java\jre1.8.0_181\lib\ext\localedata.jar;C:\Program Files\Java\jre1.8.0_181\lib\ext\nashorn.jar;C:\Program Files\Java\jre1.8.0_181\lib\ext\sunec.jar;C:\Program Files\Java\jre1.8.0_181\lib\ext\sunjce_provider.jar;C:\Program Files\Java\jre1.8.0_181\lib\ext\sunmscapi.jar;C:\Program Files\Java\jre1.8.0_181\lib\ext\sunpkcs11.jar;C:\Program Files\Java\jre1.8.0_181\lib\ext\zipfs.jar;E:\COMP3421\RobEverestBelly\bin;E:\COMP3421\RobEverestBelly\lib\commons-lang3-3.7.jar;E:\COMP3421\RobEverestBelly\lib\gluegen-rt-natives-linux-amd64.jar;E:\COMP3421\RobEverestBelly\lib\gluegen-rt-natives-linux-armv6.jar;E:\COMP3421\RobEverestBelly\lib\gluegen-rt-natives-linux-armv6hf.jar;E:\COMP3421\RobEverestBelly\lib\gluegen-rt-natives-linux-i586.jar;E:\COMP3421\RobEverestBelly\lib\gluegen-rt-natives-macosx-universal.jar;E:\COMP3421\RobEverestBelly\lib\gluegen-rt-natives-windows-amd64.jar;E:\COMP3421\RobEverestBelly\lib\gluegen-rt-natives-windows-i586.jar;E:\COMP3421\RobEverestBelly\lib\gluegen-rt.jar;E:\COMP3421\RobEverestBelly\lib\jogl-all-natives-linux-amd64.jar;E:\COMP3421\RobEverestBelly\lib\jogl-all-natives-linux-armv6.jar;E:\COMP3421\RobEverestBelly\lib\jogl-all-natives-linux-armv6hf.jar;E:\COMP3421\RobEverestBelly\lib\jogl-all-natives-linux-i586.jar;E:\COMP3421\RobEverestBelly\lib\jogl-all-natives-macosx-universal.jar;E:\COMP3421\RobEverestBelly\lib\jogl-all-natives-windows-am
Launcher Type: SUN_STANDARD

Environment Variables:
PATH=C:/Program Files/Java/jre1.8.0_181/bin/server;C:/Program Files/Java/jre1.8.0_181/bin;C:/Program Files/Java/jre1.8.0_181/lib/amd64;C:\Program Files\NVIDIA GPU Computing Toolkit\CUDA\v9.0\bin;C:\Program Files\NVIDIA GPU Computing Toolkit\CUDA\v9.0\libnvvp;C:\Program Files (x86)\Common Files\Oracle\Java\javapath;C:\Windows\system32;C:\Windows;C:\Windows\System32\Wbem;C:\Windows\System32\WindowsPowerShell\v1.0\;C:\Windows\System32\OpenSSH\;C:\Program Files (x86)\NVIDIA Corporation\PhysX\Common;C:\Program Files\PuTTY\;C:\Program Files\Microsoft VS Code\bin;C:\Program Files\nodejs\;C:\Program Files\Git\cmd;C:\Users\Onur Alp Bicer\AppData\Local\Programs\Python\Python36\Scripts\;C:\Users\Onur Alp Bicer\AppData\Local\Programs\Python\Python36\;"C:\Users\Onur Alp Bicer\AppData\Local\Microsoft\WindowsApps;C:\MinGW\bin";C:\Users\Onur Alp Bicer\AppData\Roaming\npm;C:\Users\Onur Alp Bicer\Desktop;
USERNAME=Onur Alp Bicer
OS=Windows_NT
PROCESSOR_IDENTIFIER=AMD64 Family 23 Model 8 Stepping 2, AuthenticAMD



---------------  S Y S T E M  ---------------

OS: Windows 10.0 , 64 bit Build 17134 (10.0.17134.1)

CPU:total 12 (initial active 12) (12 cores per cpu, 1 threads per core) family 23 model 8 stepping 2, cmov, cx8, fxsr, mmx, sse, sse2, sse3, ssse3, sse4.1, sse4.2, popcnt, avx, avx2, aes, clmul, mmxext, 3dnowpref, lzcnt, sse4a, tsc, tscinvbit, tscinv, bmi1

Memory: 4k page, physical 16725840k(10898880k free), swap 17774416k(9280724k free)

vm_info: Java HotSpot(TM) 64-Bit Server VM (25.181-b13) for windows-amd64 JRE (1.8.0_181-b13), built on Jul  7 2018 04:01:33 by "java_re" with MS VC++ 10.0 (VS2010)

time: Fri Sep 28 11:42:33 2018
elapsed time: 2 seconds (0d 0h 0m 2s)

